# JRE version: OpenJDK Runtime Environment Microsoft-12574423 (17.0.17+10) (build 17.0.17+10-LTS)
# Java VM: OpenJDK 64-Bit Server VM Microsoft-12574423 (17.0.17+10-LTS, mixed mode, sharing, tiered, compressed oops, compressed class ptrs, g1 gc, windows-amd64)
GC Precious Log:
 CPUs: 12 total, 12 available
 Memory: 6990M
 Large Page Support: Disabled
 NUMA Support: Disabled
 Compressed Oops: Enabled (32-bit)
 Heap Region Size: 1M
 Heap Min Capacity: 8M
 Heap Initial Capacity: 110M
 Heap Max Capacity: 2G
 Pre-touch: Disabled
 Parallel Workers: 10
 Concurrent Workers: 3
 Concurrent Refinement Workers: 10
 Periodic GC: Disabled
Heap:
 garbage-first heap   total 368640K, used 132908K [0x0000000080000000, 0x0000000100000000)
  region size 1024K, 3 young (3072K), 3 survivors (3072K)
 Metaspace       used 122892K, committed 123584K, reserved 557056K
  class space    used 15025K, committed 15360K, reserved 425984K
GC Heap History (20 events):
Event: 64.105 GC heap after
{Heap after GC invocations=110 (full 0):
 garbage-first heap   total 301056K, used 142962K [0x0000000080000000, 0x0000000100000000)
  region size 1024K, 9 young (9216K), 9 survivors (9216K)
 Metaspace       used 121239K, committed 121920K, reserved 557056K
  class space    used 14893K, committed 15232K, reserved 425984K
}
Event: 64.321 GC heap before
{Heap before GC invocations=110 (full 0):
 garbage-first heap   total 301056K, used 259698K [0x0000000080000000, 0x0000000100000000)
  region size 1024K, 123 young (125952K), 9 survivors (9216K)
 Metaspace       used 121239K, committed 121920K, reserved 557056K
  class space    used 14893K, committed 15232K, reserved 425984K
}
Event: 64.327 GC heap after
{Heap after GC invocations=111 (full 0):
 garbage-first heap   total 301056K, used 145240K [0x0000000080000000, 0x0000000100000000)
  region size 1024K, 11 young (11264K), 11 survivors (11264K)
 Metaspace       used 121239K, committed 121920K, reserved 557056K
  class space    used 14893K, committed 15232K, reserved 425984K
}
Event: 64.499 GC heap before
{Heap before GC invocations=111 (full 0):
 garbage-first heap   total 301056K, used 257880K [0x0000000080000000, 0x0000000100000000)
  region size 1024K, 121 young (123904K), 11 survivors (11264K)
 Metaspace       used 121239K, committed 121920K, reserved 557056K
  class space    used 14893K, committed 15232K, reserved 425984K
}
Event: 64.509 GC heap after
{Heap after GC invocations=112 (full 0):
 garbage-first heap   total 301056K, used 146613K [0x0000000080000000, 0x0000000100000000)
  region size 1024K, 6 young (6144K), 6 survivors (6144K)
 Metaspace       used 121239K, committed 121920K, reserved 557056K
  class space    used 14893K, committed 15232K, reserved 425984K
}
Event: 64.726 GC heap before
{Heap before GC invocations=112 (full 0):
 garbage-first heap   total 301056K, used 262325K [0x0000000080000000, 0x0000000100000000)
  region size 1024K, 119 young (121856K), 6 survivors (6144K)
 Metaspace       used 121275K, committed 121920K, reserved 557056K
  class space    used 14897K, committed 15232K, reserved 425984K
}
Event: 64.730 GC heap after
{Heap after GC invocations=113 (full 0):
 garbage-first heap   total 301056K, used 148281K [0x0000000080000000, 0x0000000100000000)
  region size 1024K, 7 young (7168K), 7 survivors (7168K)
 Metaspace       used 121275K, committed 121920K, reserved 557056K
  class space    used 14897K, committed 15232K, reserved 425984K
}
Event: 65.087 GC heap before
{Heap before GC invocations=114 (full 0):
 garbage-first heap   total 301056K, used 258873K [0x0000000080000000, 0x0000000100000000)
  region size 1024K, 118 young (120832K), 7 survivors (7168K)
 Metaspace       used 121275K, committed 121920K, reserved 557056K
  class space    used 14897K, committed 15232K, reserved 425984K
}
Event: 65.089 GC heap after
{Heap after GC invocations=115 (full 0):
 garbage-first heap   total 301056K, used 139039K [0x0000000080000000, 0x0000000100000000)
  region size 1024K, 1 young (1024K), 1 survivors (1024K)
 Metaspace       used 121275K, committed 121920K, reserved 557056K
  class space    used 14897K, committed 15232K, reserved 425984K
}
Event: 65.123 GC heap before
{Heap before GC invocations=115 (full 0):
 garbage-first heap   total 301056K, used 152351K [0x0000000080000000, 0x0000000100000000)
  region size 1024K, 14 young (14336K), 1 survivors (1024K)
 Metaspace       used 121275K, committed 121920K, reserved 557056K
  class space    used 14897K, committed 15232K, reserved 425984K
}
Event: 65.134 GC heap after
{Heap after GC invocations=116 (full 0):
 garbage-first heap   total 301056K, used 112293K [0x0000000080000000, 0x0000000100000000)
  region size 1024K, 1 young (1024K), 1 survivors (1024K)
 Metaspace       used 121275K, committed 121920K, reserved 557056K
  class space    used 14897K, committed 15232K, reserved 425984K
}
Event: 66.198 GC heap before
{Heap before GC invocations=116 (full 0):
 garbage-first heap   total 301056K, used 257701K [0x0000000080000000, 0x0000000100000000)
  region size 1024K, 144 young (147456K), 1 survivors (1024K)
 Metaspace       used 122429K, committed 123136K, reserved 557056K
  class space    used 14992K, committed 15360K, reserved 425984K
}
Event: 66.201 GC heap after
{Heap after GC invocations=117 (full 0):
 garbage-first heap   total 301056K, used 112569K [0x0000000080000000, 0x0000000100000000)
  region size 1024K, 1 young (1024K), 1 survivors (1024K)
 Metaspace       used 122429K, committed 123136K, reserved 557056K
  class space    used 14992K, committed 15360K, reserved 425984K
}
Event: 66.476 GC heap before
{Heap before GC invocations=117 (full 0):
 garbage-first heap   total 301056K, used 260025K [0x0000000080000000, 0x0000000100000000)
  region size 1024K, 145 young (148480K), 1 survivors (1024K)
 Metaspace       used 122434K, committed 123136K, reserved 557056K
  class space    used 14992K, committed 15360K, reserved 425984K
}
Event: 66.478 GC heap after
{Heap after GC invocations=118 (full 0):
 garbage-first heap   total 301056K, used 112719K [0x0000000080000000, 0x0000000100000000)
  region size 1024K, 1 young (1024K), 1 survivors (1024K)
 Metaspace       used 122434K, committed 123136K, reserved 557056K
  class space    used 14992K, committed 15360K, reserved 425984K
}
Event: 66.909 GC heap before
{Heap before GC invocations=118 (full 0):
 garbage-first heap   total 301056K, used 262223K [0x0000000080000000, 0x0000000100000000)
  region size 1024K, 147 young (150528K), 1 survivors (1024K)
 Metaspace       used 122461K, committed 123200K, reserved 557056K
  class space    used 14992K, committed 15360K, reserved 425984K
}
Event: 66.913 GC heap after
{Heap after GC invocations=119 (full 0):
 garbage-first heap   total 301056K, used 112471K [0x0000000080000000, 0x0000000100000000)
  region size 1024K, 1 young (1024K), 1 survivors (1024K)
 Metaspace       used 122461K, committed 123200K, reserved 557056K
  class space    used 14992K, committed 15360K, reserved 425984K
}
Event: 67.894 GC heap before
{Heap before GC invocations=120 (full 0):
 garbage-first heap   total 301056K, used 264023K [0x0000000080000000, 0x0000000100000000)
  region size 1024K, 148 young (151552K), 1 survivors (1024K)
 Metaspace       used 122867K, committed 123520K, reserved 557056K
  class space    used 15022K, committed 15360K, reserved 425984K
}
Event: 67.922 GC heap after
{Heap after GC invocations=121 (full 0):
 garbage-first heap   total 301056K, used 133394K [0x0000000080000000, 0x0000000100000000)
  region size 1024K, 19 young (19456K), 19 survivors (19456K)
 Metaspace       used 122867K, committed 123520K, reserved 557056K
  class space    used 15022K, committed 15360K, reserved 425984K
}
Event: 67.954 GC heap before
{Heap before GC invocations=121 (full 0):
 garbage-first heap   total 301056K, used 134418K [0x0000000080000000, 0x0000000100000000)
  region size 1024K, 20 young (20480K), 19 survivors (19456K)
 Metaspace       used 122892K, committed 123584K, reserved 557056K
  class space    used 15025K, committed 15360K, reserved 425984K
}

