# JRE version: OpenJDK Runtime Environment Microsoft-12574423 (17.0.17+10) (build 17.0.17+10-LTS)
# Java VM: OpenJDK 64-Bit Server VM Microsoft-12574423 (17.0.17+10-LTS, mixed mode, sharing, tiered, compressed oops, compressed class ptrs, g1 gc, windows-amd64)
GC Precious Log:
 CPUs: 12 total, 12 available
 Memory: 6990M
 Large Page Support: Disabled
 NUMA Support: Disabled
 Compressed Oops: Enabled (Zero based)
 Heap Region Size: 2M
 Heap Min Capacity: 8M
 Heap Initial Capacity: 110M
 Heap Max Capacity: 4G
 Pre-touch: Disabled
 Parallel Workers: 10
 Concurrent Workers: 3
 Concurrent Refinement Workers: 10
 Periodic GC: Disabled
Heap:
 garbage-first heap   total 268288K, used 147868K [0x0000000700000000, 0x0000000800000000)
  region size 2048K, 6 young (12288K), 6 survivors (12288K)
 Metaspace       used 100826K, committed 101568K, reserved 1179648K
  class space    used 14490K, committed 14848K, reserved 1048576K
GC Heap History (20 events):
Event: 16.138 GC heap after
{Heap after GC invocations=22 (full 0):
 garbage-first heap   total 182272K, used 84453K [0x0000000700000000, 0x0000000800000000)
  region size 2048K, 3 young (6144K), 3 survivors (6144K)
 Metaspace       used 85491K, committed 86272K, reserved 1179648K
  class space    used 11836K, committed 12224K, reserved 1048576K
}
Event: 16.653 GC heap before
{Heap before GC invocations=22 (full 0):
 garbage-first heap   total 182272K, used 145893K [0x0000000700000000, 0x0000000800000000)
  region size 2048K, 33 young (67584K), 3 survivors (6144K)
 Metaspace       used 88302K, committed 89088K, reserved 1179648K
  class space    used 12142K, committed 12544K, reserved 1048576K
}
Event: 16.664 GC heap after
{Heap after GC invocations=23 (full 0):
 garbage-first heap   total 182272K, used 91468K [0x0000000700000000, 0x0000000800000000)
  region size 2048K, 4 young (8192K), 4 survivors (8192K)
 Metaspace       used 88302K, committed 89088K, reserved 1179648K
  class space    used 12142K, committed 12544K, reserved 1048576K
}
Event: 16.975 GC heap before
{Heap before GC invocations=23 (full 0):
 garbage-first heap   total 182272K, used 142668K [0x0000000700000000, 0x0000000800000000)
  region size 2048K, 30 young (61440K), 4 survivors (8192K)
 Metaspace       used 88890K, committed 89600K, reserved 1179648K
  class space    used 12206K, committed 12544K, reserved 1048576K
}
Event: 16.988 GC heap after
{Heap after GC invocations=24 (full 0):
 garbage-first heap   total 182272K, used 96390K [0x0000000700000000, 0x0000000800000000)
  region size 2048K, 3 young (6144K), 3 survivors (6144K)
 Metaspace       used 88890K, committed 89600K, reserved 1179648K
  class space    used 12206K, committed 12544K, reserved 1048576K
}
Event: 17.420 GC heap before
{Heap before GC invocations=25 (full 0):
 garbage-first heap   total 182272K, used 133254K [0x0000000700000000, 0x0000000800000000)
  region size 2048K, 22 young (45056K), 3 survivors (6144K)
 Metaspace       used 88900K, committed 89600K, reserved 1179648K
  class space    used 12206K, committed 12544K, reserved 1048576K
}
Event: 17.426 GC heap after
{Heap after GC invocations=26 (full 0):
 garbage-first heap   total 182272K, used 98532K [0x0000000700000000, 0x0000000800000000)
  region size 2048K, 2 young (4096K), 2 survivors (4096K)
 Metaspace       used 88900K, committed 89600K, reserved 1179648K
  class space    used 12206K, committed 12544K, reserved 1048576K
}
Event: 17.627 GC heap before
{Heap before GC invocations=27 (full 0):
 garbage-first heap   total 204800K, used 127204K [0x0000000700000000, 0x0000000800000000)
  region size 2048K, 14 young (28672K), 2 survivors (4096K)
 Metaspace       used 89043K, committed 89792K, reserved 1179648K
  class space    used 12212K, committed 12608K, reserved 1048576K
}
Event: 17.633 GC heap after
{Heap after GC invocations=28 (full 0):
 garbage-first heap   total 204800K, used 100150K [0x0000000700000000, 0x0000000800000000)
  region size 2048K, 2 young (4096K), 2 survivors (4096K)
 Metaspace       used 89043K, committed 89792K, reserved 1179648K
  class space    used 12212K, committed 12608K, reserved 1048576K
}
Event: 17.889 GC heap before
{Heap before GC invocations=29 (full 0):
 garbage-first heap   total 223232K, used 141110K [0x0000000700000000, 0x0000000800000000)
  region size 2048K, 20 young (40960K), 2 survivors (4096K)
 Metaspace       used 89647K, committed 90432K, reserved 1179648K
  class space    used 12303K, committed 12672K, reserved 1048576K
}
Event: 17.895 GC heap after
{Heap after GC invocations=30 (full 0):
 garbage-first heap   total 223232K, used 103833K [0x0000000700000000, 0x0000000800000000)
  region size 2048K, 4 young (8192K), 4 survivors (8192K)
 Metaspace       used 89647K, committed 90432K, reserved 1179648K
  class space    used 12303K, committed 12672K, reserved 1048576K
}
Event: 17.901 GC heap before
{Heap before GC invocations=30 (full 0):
 garbage-first heap   total 223232K, used 105881K [0x0000000700000000, 0x0000000800000000)
  region size 2048K, 5 young (10240K), 4 survivors (8192K)
 Metaspace       used 89664K, committed 90432K, reserved 1179648K
  class space    used 12303K, committed 12672K, reserved 1048576K
}
Event: 17.908 GC heap after
{Heap after GC invocations=31 (full 0):
 garbage-first heap   total 268288K, used 106202K [0x0000000700000000, 0x0000000800000000)
  region size 2048K, 3 young (6144K), 3 survivors (6144K)
 Metaspace       used 89664K, committed 90432K, reserved 1179648K
  class space    used 12303K, committed 12672K, reserved 1048576K
}
Event: 18.125 GC heap before
{Heap before GC invocations=31 (full 0):
 garbage-first heap   total 268288K, used 179930K [0x0000000700000000, 0x0000000800000000)
  region size 2048K, 31 young (63488K), 3 survivors (6144K)
 Metaspace       used 90307K, committed 91008K, reserved 1179648K
  class space    used 12395K, committed 12736K, reserved 1048576K
}
Event: 18.135 GC heap after
{Heap after GC invocations=32 (full 0):
 garbage-first heap   total 268288K, used 118169K [0x0000000700000000, 0x0000000800000000)
  region size 2048K, 5 young (10240K), 5 survivors (10240K)
 Metaspace       used 90307K, committed 91008K, reserved 1179648K
  class space    used 12395K, committed 12736K, reserved 1048576K
}
Event: 18.318 GC heap before
{Heap before GC invocations=32 (full 0):
 garbage-first heap   total 268288K, used 230809K [0x0000000700000000, 0x0000000800000000)
  region size 2048K, 54 young (110592K), 5 survivors (10240K)
 Metaspace       used 91421K, committed 92160K, reserved 1179648K
  class space    used 12584K, committed 12928K, reserved 1048576K
}
Event: 18.341 GC heap after
{Heap after GC invocations=33 (full 0):
 garbage-first heap   total 268288K, used 125503K [0x0000000700000000, 0x0000000800000000)
  region size 2048K, 7 young (14336K), 7 survivors (14336K)
 Metaspace       used 91421K, committed 92160K, reserved 1179648K
  class space    used 12584K, committed 12928K, reserved 1048576K
}
Event: 18.767 GC heap before
{Heap before GC invocations=33 (full 0):
 garbage-first heap   total 268288K, used 209471K [0x0000000700000000, 0x0000000800000000)
  region size 2048K, 49 young (100352K), 7 survivors (14336K)
 Metaspace       used 97410K, committed 98112K, reserved 1179648K
  class space    used 13562K, committed 13888K, reserved 1048576K
}
Event: 18.785 GC heap after
{Heap after GC invocations=34 (full 0):
 garbage-first heap   total 268288K, used 138327K [0x0000000700000000, 0x0000000800000000)
  region size 2048K, 7 young (14336K), 7 survivors (14336K)
 Metaspace       used 97410K, committed 98112K, reserved 1179648K
  class space    used 13562K, committed 13888K, reserved 1048576K
}
Event: 19.123 GC heap before
{Heap before GC invocations=34 (full 0):
 garbage-first heap   total 268288K, used 212055K [0x0000000700000000, 0x0000000800000000)
  region size 2048K, 43 young (88064K), 7 survivors (14336K)
 Metaspace       used 100826K, committed 101568K, reserved 1179648K
  class space    used 14490K, committed 14848K, reserved 1048576K
}

