# JRE version: OpenJDK Runtime Environment Microsoft-12574423 (17.0.17+10) (build 17.0.17+10-LTS)
# Java VM: OpenJDK 64-Bit Server VM Microsoft-12574423 (17.0.17+10-LTS, mixed mode, sharing, tiered, compressed oops, compressed class ptrs, g1 gc, windows-amd64)
GC Precious Log:
 CPUs: 12 total, 12 available
 Memory: 6990M
 Large Page Support: Disabled
 NUMA Support: Disabled
 Compressed Oops: Enabled (Zero based)
 Heap Region Size: 2M
 Heap Min Capacity: 8M
 Heap Initial Capacity: 110M
 Heap Max Capacity: 4G
 Pre-touch: Disabled
 Parallel Workers: 10
 Concurrent Workers: 3
 Concurrent Refinement Workers: 10
 Periodic GC: Disabled
Heap:
 garbage-first heap   total 411648K, used 202560K [0x0000000700000000, 0x0000000800000000)
  region size 2048K, 25 young (51200K), 11 survivors (22528K)
 Metaspace       used 119051K, committed 119936K, reserved 1179648K
  class space    used 16622K, committed 17088K, reserved 1048576K
GC Heap History (20 events):
Event: 43.377 GC heap before
{Heap before GC invocations=32 (full 0):
 garbage-first heap   total 264192K, used 216222K [0x0000000700000000, 0x0000000800000000)
  region size 2048K, 59 young (120832K), 6 survivors (12288K)
 Metaspace       used 100278K, committed 101120K, reserved 1179648K
  class space    used 13226K, committed 13632K, reserved 1048576K
}
Event: 43.391 GC heap after
{Heap after GC invocations=33 (full 0):
 garbage-first heap   total 264192K, used 107435K [0x0000000700000000, 0x0000000800000000)
  region size 2048K, 5 young (10240K), 5 survivors (10240K)
 Metaspace       used 100278K, committed 101120K, reserved 1179648K
  class space    used 13226K, committed 13632K, reserved 1048576K
}
Event: 44.401 GC heap before
{Heap before GC invocations=33 (full 0):
 garbage-first heap   total 264192K, used 220075K [0x0000000700000000, 0x0000000800000000)
  region size 2048K, 57 young (116736K), 5 survivors (10240K)
 Metaspace       used 102522K, committed 103296K, reserved 1179648K
  class space    used 13454K, committed 13824K, reserved 1048576K
}
Event: 44.411 GC heap after
{Heap after GC invocations=34 (full 0):
 garbage-first heap   total 264192K, used 108763K [0x0000000700000000, 0x0000000800000000)
  region size 2048K, 4 young (8192K), 4 survivors (8192K)
 Metaspace       used 102522K, committed 103296K, reserved 1179648K
  class space    used 13454K, committed 13824K, reserved 1048576K
}
Event: 44.949 GC heap before
{Heap before GC invocations=34 (full 0):
 garbage-first heap   total 264192K, used 213211K [0x0000000700000000, 0x0000000800000000)
  region size 2048K, 56 young (114688K), 4 survivors (8192K)
 Metaspace       used 102871K, committed 103680K, reserved 1179648K
  class space    used 13499K, committed 13888K, reserved 1048576K
}
Event: 44.957 GC heap after
{Heap after GC invocations=35 (full 0):
 garbage-first heap   total 264192K, used 110566K [0x0000000700000000, 0x0000000800000000)
  region size 2048K, 5 young (10240K), 5 survivors (10240K)
 Metaspace       used 102871K, committed 103680K, reserved 1179648K
  class space    used 13499K, committed 13888K, reserved 1048576K
}
Event: 45.464 GC heap before
{Heap before GC invocations=35 (full 0):
 garbage-first heap   total 264192K, used 217062K [0x0000000700000000, 0x0000000800000000)
  region size 2048K, 57 young (116736K), 5 survivors (10240K)
 Metaspace       used 103766K, committed 104512K, reserved 1179648K
  class space    used 13593K, committed 13952K, reserved 1048576K
}
Event: 45.476 GC heap after
{Heap after GC invocations=36 (full 0):
 garbage-first heap   total 264192K, used 117257K [0x0000000700000000, 0x0000000800000000)
  region size 2048K, 6 young (12288K), 6 survivors (12288K)
 Metaspace       used 103766K, committed 104512K, reserved 1179648K
  class space    used 13593K, committed 13952K, reserved 1048576K
}
Event: 45.717 GC heap before
{Heap before GC invocations=36 (full 0):
 garbage-first heap   total 264192K, used 219657K [0x0000000700000000, 0x0000000800000000)
  region size 2048K, 56 young (114688K), 6 survivors (12288K)
 Metaspace       used 104078K, committed 104960K, reserved 1179648K
  class space    used 13642K, committed 14080K, reserved 1048576K
}
Event: 45.726 GC heap after
{Heap after GC invocations=37 (full 0):
 garbage-first heap   total 264192K, used 117309K [0x0000000700000000, 0x0000000800000000)
  region size 2048K, 4 young (8192K), 4 survivors (8192K)
 Metaspace       used 104078K, committed 104960K, reserved 1179648K
  class space    used 13642K, committed 14080K, reserved 1048576K
}
Event: 46.219 GC heap before
{Heap before GC invocations=37 (full 0):
 garbage-first heap   total 264192K, used 221757K [0x0000000700000000, 0x0000000800000000)
  region size 2048K, 54 young (110592K), 4 survivors (8192K)
 Metaspace       used 104189K, committed 105088K, reserved 1179648K
  class space    used 13660K, committed 14080K, reserved 1048576K
}
Event: 46.224 GC heap after
{Heap after GC invocations=38 (full 0):
 garbage-first heap   total 411648K, used 111198K [0x0000000700000000, 0x0000000800000000)
  region size 2048K, 2 young (4096K), 2 survivors (4096K)
 Metaspace       used 104189K, committed 105088K, reserved 1179648K
  class space    used 13660K, committed 14080K, reserved 1048576K
}
Event: 47.200 GC heap before
{Heap before GC invocations=38 (full 0):
 garbage-first heap   total 411648K, used 346718K [0x0000000700000000, 0x0000000800000000)
  region size 2048K, 116 young (237568K), 2 survivors (4096K)
 Metaspace       used 104225K, committed 105088K, reserved 1179648K
  class space    used 13662K, committed 14080K, reserved 1048576K
}
Event: 47.205 GC heap after
{Heap after GC invocations=39 (full 0):
 garbage-first heap   total 411648K, used 113778K [0x0000000700000000, 0x0000000800000000)
  region size 2048K, 2 young (4096K), 2 survivors (4096K)
 Metaspace       used 104225K, committed 105088K, reserved 1179648K
  class space    used 13662K, committed 14080K, reserved 1048576K
}
Event: 47.889 GC heap before
{Heap before GC invocations=39 (full 0):
 garbage-first heap   total 411648K, used 357490K [0x0000000700000000, 0x0000000800000000)
  region size 2048K, 120 young (245760K), 2 survivors (4096K)
 Metaspace       used 104548K, committed 105408K, reserved 1179648K
  class space    used 13714K, committed 14144K, reserved 1048576K
}
Event: 47.900 GC heap after
{Heap after GC invocations=40 (full 0):
 garbage-first heap   total 411648K, used 121699K [0x0000000700000000, 0x0000000800000000)
  region size 2048K, 6 young (12288K), 6 survivors (12288K)
 Metaspace       used 104548K, committed 105408K, reserved 1179648K
  class space    used 13714K, committed 14144K, reserved 1048576K
}
Event: 53.443 GC heap before
{Heap before GC invocations=40 (full 0):
 garbage-first heap   total 411648K, used 349027K [0x0000000700000000, 0x0000000800000000)
  region size 2048K, 118 young (241664K), 6 survivors (12288K)
 Metaspace       used 115231K, committed 116096K, reserved 1179648K
  class space    used 15927K, committed 16384K, reserved 1048576K
}
Event: 53.483 GC heap after
{Heap after GC invocations=41 (full 0):
 garbage-first heap   total 411648K, used 160093K [0x0000000700000000, 0x0000000800000000)
  region size 2048K, 15 young (30720K), 15 survivors (30720K)
 Metaspace       used 115231K, committed 116096K, reserved 1179648K
  class space    used 15927K, committed 16384K, reserved 1048576K
}
Event: 60.094 GC heap before
{Heap before GC invocations=41 (full 0):
 garbage-first heap   total 411648K, used 325981K [0x0000000700000000, 0x0000000800000000)
  region size 2048K, 97 young (198656K), 15 survivors (30720K)
 Metaspace       used 119017K, committed 119936K, reserved 1179648K
  class space    used 16617K, committed 17088K, reserved 1048576K
}
Event: 61.151 GC heap after
{Heap after GC invocations=42 (full 0):
 garbage-first heap   total 411648K, used 175936K [0x0000000700000000, 0x0000000800000000)
  region size 2048K, 11 young (22528K), 11 survivors (22528K)
 Metaspace       used 119017K, committed 119936K, reserved 1179648K
  class space    used 16617K, committed 17088K, reserved 1048576K
}

